TN:
SF:src\main.jsx
FN:1,(empty-report)
FNF:1
FNH:0
FNDA:0,(empty-report)
DA:1,0
DA:2,0
DA:3,0
DA:4,0
DA:5,0
DA:6,0
DA:7,0
DA:8,0
DA:9,0
DA:10,0
DA:12,0
DA:14,0
DA:16,0
DA:17,0
DA:18,0
DA:19,0
DA:20,0
DA:21,0
DA:22,0
DA:23,0
DA:24,0
DA:25,0
DA:26,0
DA:27,0
DA:28,0
DA:29,0
DA:30,0
DA:31,0
DA:32,0
DA:33,0
LF:30
LH:0
BRDA:1,0,0,0
BRF:1
BRH:0
end_of_record
TN:
SF:src\components\Catalogo.jsx
FN:8,Catalogo
FNF:1
FNH:1
FNDA:4,Catalogo
DA:1,1
DA:2,1
DA:4,1
DA:5,1
DA:6,1
DA:8,4
DA:9,4
DA:10,4
DA:11,4
DA:12,4
DA:13,4
DA:14,4
DA:16,4
DA:18,1
LF:14
LH:14
BRDA:8,0,0,4
BRDA:11,1,0,4
BRF:2
BRH:2
end_of_record
TN:
SF:src\components\Footer.jsx
FN:3,Footer
FN:14,onSubmit
FNF:2
FNH:2
FNDA:3,Footer
FNDA:1,onSubmit
DA:1,1
DA:3,3
DA:4,3
DA:5,3
DA:6,3
DA:7,3
DA:8,3
DA:9,3
DA:10,3
DA:11,3
DA:12,3
DA:13,3
DA:14,3
DA:15,3
DA:17,3
DA:18,3
DA:19,3
DA:20,3
DA:21,3
DA:22,3
DA:23,3
DA:25,3
DA:27,1
LF:23
LH:23
BRDA:3,0,0,3
BRDA:14,1,0,1
BRF:2
BRH:2
end_of_record
TN:
SF:src\components\Hero.jsx
FN:5,Hero
FNF:1
FNH:1
FNDA:7,Hero
DA:1,1
DA:3,1
DA:5,7
DA:6,7
DA:7,7
DA:8,7
DA:9,7
DA:10,7
DA:13,7
DA:14,7
DA:15,7
DA:16,7
DA:18,7
DA:19,7
DA:20,7
DA:21,7
DA:22,7
DA:24,7
DA:26,1
LF:19
LH:19
BRDA:5,0,0,7
BRF:1
BRH:1
end_of_record
TN:
SF:src\components\Layout.jsx
FN:1,(empty-report)
FNF:1
FNH:0
FNDA:0,(empty-report)
DA:1,0
DA:2,0
DA:3,0
DA:4,0
DA:6,0
DA:7,0
DA:8,0
DA:9,0
DA:10,0
DA:11,0
DA:12,0
DA:14,0
LF:12
LH:0
BRDA:1,0,0,0
BRF:1
BRH:0
end_of_record
TN:
SF:src\components\Navbar.jsx
FN:4,Navbar
FNF:1
FNH:1
FNDA:3,Navbar
DA:1,1
DA:2,1
DA:4,3
DA:5,3
DA:6,3
DA:7,3
DA:8,3
DA:10,3
DA:11,3
DA:12,3
DA:13,3
DA:14,3
DA:15,3
DA:16,3
DA:17,3
DA:18,3
DA:20,3
DA:21,3
DA:22,3
DA:23,3
DA:24,3
DA:25,3
DA:27,3
DA:29,1
LF:24
LH:24
BRDA:4,0,0,3
BRF:1
BRH:1
end_of_record
TN:
SF:src\components\ProductCard.jsx
FN:4,ProductCard
FNF:1
FNH:1
FNDA:24,ProductCard
DA:1,1
DA:4,24
DA:5,24
DA:6,24
DA:7,24
DA:8,24
DA:9,24
DA:10,24
DA:11,24
DA:12,24
DA:13,24
DA:14,24
DA:16,24
DA:17,24
DA:18,24
DA:20,24
DA:21,1
LF:17
LH:17
BRDA:4,0,0,24
BRF:1
BRH:1
end_of_record
TN:
SF:src\context\CartContext.jsx
FN:1,(empty-report)
FNF:1
FNH:1
FNDA:1,(empty-report)
DA:2,0
DA:4,0
DA:6,0
DA:7,0
DA:8,0
DA:10,0
DA:11,0
DA:13,0
DA:14,0
DA:15,0
DA:18,0
DA:19,0
DA:20,0
DA:23,0
DA:24,0
DA:25,0
DA:26,0
DA:27,0
DA:28,0
DA:29,0
DA:30,0
DA:31,0
DA:32,0
DA:33,0
DA:34,0
DA:35,0
DA:36,0
DA:39,0
DA:40,0
DA:41,0
DA:44,0
DA:45,0
DA:46,0
DA:47,0
DA:48,0
DA:49,0
DA:50,0
DA:51,0
DA:52,0
DA:55,0
DA:56,0
DA:57,0
DA:58,0
DA:59,0
DA:60,0
DA:61,0
DA:63,0
DA:64,0
DA:65,0
DA:66,0
DA:67,0
DA:68,0
DA:69,0
DA:72,0
DA:73,0
DA:75,0
DA:77,0
DA:78,0
DA:79,0
DA:81,0
DA:82,0
DA:83,0
DA:84,0
DA:85,0
DA:86,0
DA:87,0
DA:88,0
DA:90,0
DA:91,0
DA:92,0
DA:93,0
DA:95,0
LF:72
LH:0
BRDA:1,0,0,1
BRF:1
BRH:1
end_of_record
TN:
SF:src\pages\Carrito.jsx
FN:5,Carrito
FN:30,onClick
FN:32,onClick
FN:34,onClick
FNF:4
FNH:4
FNDA:3,Carrito
FNDA:1,onClick
FNDA:1,onClick
FNDA:1,onClick
DA:2,1
DA:3,1
DA:5,3
DA:6,3
DA:8,3
DA:9,3
DA:10,3
DA:12,3
DA:13,3
DA:14,3
DA:15,3
DA:16,3
DA:17,3
DA:18,3
DA:19,3
DA:20,3
DA:21,3
DA:22,3
DA:23,3
DA:24,3
DA:25,3
DA:27,3
DA:28,3
DA:29,3
DA:30,3
DA:31,3
DA:32,3
DA:33,3
DA:34,3
DA:35,3
DA:36,3
DA:37,3
DA:38,3
DA:40,3
DA:41,3
DA:42,3
DA:43,3
DA:44,3
DA:45,3
DA:46,3
DA:47,3
DA:48,3
DA:49,3
DA:50,3
DA:52,3
DA:54,3
LF:46
LH:46
BRDA:5,0,0,3
BRDA:14,1,0,1
BRDA:15,2,0,3
BRDA:30,3,0,1
BRDA:32,4,0,1
BRDA:34,5,0,1
BRF:6
BRH:6
end_of_record
TN:
SF:src\pages\Home.jsx
FN:5,Home
FNF:1
FNH:1
FNDA:3,Home
DA:1,1
DA:2,1
DA:3,1
DA:5,3
DA:6,3
DA:7,3
DA:9,3
DA:12,3
DA:13,3
DA:15,3
LF:10
LH:10
BRDA:5,0,0,3
BRF:1
BRH:1
end_of_record
TN:
SF:src\pages\Login.jsx
FN:3,Login
FN:10,handleSubmit
FN:52,onChange
FN:61,onChange
FNF:4
FNH:4
FNDA:56,Login
FNDA:4,handleSubmit
FNDA:36,onChange
FNDA:11,onChange
DA:1,1
DA:3,56
DA:5,56
DA:6,56
DA:7,56
DA:10,56
DA:11,4
DA:12,4
DA:15,4
DA:16,1
DA:17,1
DA:18,1
DA:19,4
DA:20,1
DA:21,1
DA:22,1
DA:25,2
DA:26,2
DA:28,4
DA:29,1
DA:31,1
DA:32,1
DA:33,1
DA:34,1
DA:35,4
DA:37,56
DA:38,56
DA:39,56
DA:40,56
DA:41,56
DA:42,56
DA:44,56
DA:45,56
DA:46,56
DA:47,56
DA:48,56
DA:49,56
DA:50,56
DA:51,56
DA:52,56
DA:53,56
DA:54,56
DA:56,56
DA:57,56
DA:58,56
DA:59,56
DA:60,56
DA:61,56
DA:62,56
DA:63,56
DA:65,56
DA:66,56
DA:67,56
DA:68,56
DA:70,56
DA:71,56
DA:72,56
DA:73,56
DA:75,56
LF:59
LH:59
BRDA:3,0,0,56
BRDA:70,1,0,4
BRDA:70,2,0,52
BRDA:10,3,0,4
BRDA:15,4,0,1
BRDA:18,5,0,3
BRDA:19,6,0,1
BRDA:22,7,0,2
BRDA:28,8,0,1
BRDA:28,9,0,1
BRDA:52,10,0,36
BRDA:61,11,0,11
BRF:12
BRH:12
end_of_record
TN:
SF:src\pages\Producto.jsx
FN:1,(empty-report)
FNF:1
FNH:0
FNDA:0,(empty-report)
DA:1,0
DA:3,0
DA:5,0
DA:6,0
DA:8,0
LF:5
LH:0
BRDA:1,0,0,0
BRF:1
BRH:0
end_of_record
TN:
SF:src\pages\Productos.jsx
FN:12,Productos
FN:25,onClick
FN:26,onClick
FN:27,onClick
FN:38,onAdd
FNF:5
FNH:5
FNDA:6,Productos
FNDA:1,onClick
FNDA:1,onClick
FNDA:1,onClick
FNDA:1,onAdd
DA:1,1
DA:2,1
DA:3,1
DA:5,1
DA:6,1
DA:7,1
DA:8,1
DA:9,1
DA:10,1
DA:12,6
DA:13,6
DA:14,6
DA:16,6
DA:17,24
DA:18,6
DA:20,6
DA:21,6
DA:22,6
DA:24,6
DA:25,6
DA:26,6
DA:27,6
DA:28,6
DA:30,6
DA:31,6
DA:32,20
DA:33,20
DA:34,20
DA:35,20
DA:36,20
DA:37,20
DA:38,20
DA:39,1
DA:40,1
DA:41,1
DA:42,20
DA:43,6
DA:44,6
DA:45,6
DA:47,6
LF:40
LH:40
BRDA:12,0,0,6
BRDA:16,1,0,24
BRDA:17,2,0,16
BRDA:17,3,0,8
BRDA:25,4,0,1
BRDA:26,5,0,1
BRDA:27,6,0,1
BRDA:31,7,0,20
BRDA:38,8,0,1
BRF:9
BRH:9
end_of_record
TN:
SF:src\pages\Registro.jsx
FN:1,(empty-report)
FNF:1
FNH:0
FNDA:0,(empty-report)
DA:1,0
DA:3,0
DA:4,0
DA:5,0
DA:6,0
DA:7,0
DA:8,0
DA:9,0
DA:10,0
DA:11,0
DA:13,0
DA:14,0
DA:15,0
DA:16,0
DA:17,0
DA:19,0
DA:20,0
DA:21,0
DA:22,0
DA:24,0
DA:25,0
DA:26,0
DA:28,0
DA:29,0
DA:30,0
DA:31,0
DA:32,0
DA:33,0
DA:34,0
DA:35,0
DA:36,0
DA:37,0
DA:38,0
DA:39,0
DA:40,0
DA:41,0
DA:42,0
DA:43,0
DA:44,0
DA:45,0
DA:46,0
DA:47,0
DA:48,0
DA:49,0
DA:50,0
DA:51,0
DA:52,0
DA:53,0
DA:54,0
DA:55,0
DA:58,0
DA:61,0
DA:62,0
DA:63,0
DA:64,0
DA:65,0
DA:67,0
DA:68,0
DA:69,0
DA:70,0
DA:71,0
DA:72,0
DA:73,0
DA:74,0
DA:75,0
DA:76,0
DA:78,0
DA:79,0
DA:80,0
DA:81,0
DA:82,0
DA:83,0
DA:85,0
DA:86,0
DA:87,0
DA:88,0
DA:89,0
DA:90,0
DA:92,0
DA:93,0
DA:94,0
DA:95,0
DA:96,0
DA:97,0
DA:99,0
DA:100,0
DA:101,0
DA:102,0
DA:103,0
DA:104,0
DA:106,0
DA:107,0
DA:108,0
DA:109,0
DA:110,0
DA:111,0
DA:112,0
DA:114,0
DA:115,0
DA:116,0
DA:117,0
DA:118,0
DA:119,0
DA:121,0
DA:122,0
DA:123,0
DA:124,0
DA:125,0
DA:127,0
DA:128,0
DA:129,0
DA:130,0
DA:132,0
LF:113
LH:0
BRDA:1,0,0,0
BRF:1
BRH:0
end_of_record
